<?xml version="1.0" encoding="UTF-8"?>
<!-- Generated by org.testng.reporters.JUnitXMLReporter -->
<testsuite ignored="10" hostname="DESKTOP-60307E0" failures="0" tests="19" name="Test" time="19.442" errors="0" timestamp="2023-04-13T00:24:58 IST">
  <testcase classname="com.petstore.testcase.TS003_POST_AddNewPet" name="addNewPet" time="2.777"/>
  <testcase classname="com.petstore.testcase.TS003_POST_AddNewPet" name="verifyResponseBodyCategoryId" time="0.91"/>
  <testcase classname="com.petstore.testcase.TS003_POST_AddNewPet" name="verifyResponseBodyCategoryName" time="0.07"/>
  <testcase classname="com.petstore.testcase.TS003_POST_AddNewPet" name="verifyResponseBodyID" time="0.076"/>
  <testcase classname="com.petstore.testcase.TS003_POST_AddNewPet" name="verifyResponseBodyPatName" time="0.028"/>
  <testcase classname="com.petstore.testcase.TS003_POST_AddNewPet" name="verifyResponseBodyStatus" time="0.029"/>
  <testcase classname="com.petstore.testcase.TS003_POST_AddNewPet" name="verifyResponseBodyTagId" time="0.032"/>
  <testcase classname="com.petstore.testcase.TS003_POST_AddNewPet" name="verifyResponseBodyTagName" time="0.03"/>
  <testcase classname="com.petstore.testcase.TS003_POST_AddNewPet" name="verifyResponseBodyphotoUrls" time="0.04"/>
  <testcase classname="com.petstore.testcase.TS005_PUT_UpdatePetInfo" name="updatePet" time="1.346"/>
  <testcase classname="com.petstore.testcase.TS002_PostRequestWithoutPayload" name="WithoutFormData" time="1.552"/>
  <testcase classname="com.petstore.testcase.TS001_POST_UploadImage" name="ValidateResponseMessage" time="8.065"/>
  <testcase classname="com.petstore.testcase.TS001_POST_UploadImage" name="vaidateStatuscode" time="0.003"/>
  <testcase classname="com.petstore.testcase.TS001_POST_UploadImage" name="validateResponseBodyCode" time="0.02"/>
  <testcase classname="com.petstore.testcase.TS001_POST_UploadImage" name="validateResponseBodyType" time="0.013"/>
  <testcase classname="com.petstore.testcase.TS001_POST_UploadImage" name="validateResponseTime" time="0.001"/>
  <testcase classname="com.petstore.testcase.TS001_POST_UploadImage" name="validateStatusLine" time="0.001"/>
  <testcase classname="com.petstore.testcase.TS004_GET_PETinfo" name="getPet" time="1.461"/>
  <testcase classname="com.petstore.testcase.TS006_DELETE_PET_API" name="deletePet" time="1.431"/>
  <testcase classname="com.petstore.base.TestBase" name="@BeforeSuite startReport" time="0.0">
    <ignored/>
  </testcase> <!-- @BeforeSuite startReport -->
  <testcase classname="com.petstore.base.TestBase" name="@BeforeSuite startReport" time="0.0">
    <ignored/>
  </testcase> <!-- @BeforeSuite startReport -->
  <testcase classname="com.petstore.base.TestBase" name="@BeforeSuite startReport" time="0.0">
    <ignored/>
  </testcase> <!-- @BeforeSuite startReport -->
  <testcase classname="com.petstore.base.TestBase" name="@BeforeSuite startReport" time="0.0">
    <ignored/>
  </testcase> <!-- @BeforeSuite startReport -->
  <testcase classname="com.petstore.base.TestBase" name="@BeforeSuite startReport" time="0.0">
    <ignored/>
  </testcase> <!-- @BeforeSuite startReport -->
  <testcase classname="com.petstore.base.TestBase" name="@AfterSuite stopReport" time="0.0">
    <ignored/>
  </testcase> <!-- @AfterSuite stopReport -->
  <testcase classname="com.petstore.base.TestBase" name="@AfterSuite stopReport" time="0.0">
    <ignored/>
  </testcase> <!-- @AfterSuite stopReport -->
  <testcase classname="com.petstore.base.TestBase" name="@AfterSuite stopReport" time="0.0">
    <ignored/>
  </testcase> <!-- @AfterSuite stopReport -->
  <testcase classname="com.petstore.base.TestBase" name="@AfterSuite stopReport" time="0.0">
    <ignored/>
  </testcase> <!-- @AfterSuite stopReport -->
  <testcase classname="com.petstore.base.TestBase" name="@AfterSuite stopReport" time="0.0">
    <ignored/>
  </testcase> <!-- @AfterSuite stopReport -->
</testsuite> <!-- Test -->
